<?xml version='1.0' encoding='UTF-8'?>
<testsuite hostname="LAPTOP-VT0IS1TU" name="Kata1Test" tests="4" errors="0" failures="0" skipped="0" time="0.066" timestamp="2020-11-29T13:48:26">
                     <properties>
[...]
</properties>
                     <testcase classname="Kata1Test" name="binary2decimal.11001000_Es_200Decimal" time="0.066">
                                                 
                                               </testcase><testcase classname="Kata1Test" name="binary2decimal.001111101000_Es_1000Decimal" time="0.0">
                                                 
                                               </testcase><testcase classname="Kata1Test" name="binary2octal.001110000011_Es_1603Octal" time="0.0">
                                                 
                                               </testcase><testcase classname="Kata1Test" name="binary2octal.001101110111_Es_1567ctal" time="0.0">
                                                 
                                               </testcase>
                     <system-out><![CDATA[]]></system-out>
                     <system-err><![CDATA[]]></system-err>
                   </testsuite>